<?xml version="1.0" encoding="UTF-8"?>
<testng-results skipped="0" failed="0" ignored="0" total="1" passed="1">
  <reporter-output>
  </reporter-output>
  <suite name="Default suite" duration-ms="48764" started-at="2020-05-23T07:12:23Z" finished-at="2020-05-23T07:13:12Z">
    <groups>
      <group name="cucumber">
        <method signature="AbstractTestNGCucumberTests.feature(cucumber.api.testng.CucumberFeatureWrapper)[pri:0, instance:com.TestRunner.testrunner@7b7aaaf6]" name="feature" class="cucumber.api.testng.AbstractTestNGCucumberTests"/>
      </group> <!-- cucumber -->
    </groups>
    <test name="Default test" duration-ms="48764" started-at="2020-05-23T07:12:23Z" finished-at="2020-05-23T07:13:12Z">
      <class name="com.TestRunner.testrunner">
        <test-method status="PASS" signature="setUpClass()[pri:0, instance:com.TestRunner.testrunner@7b7aaaf6]" name="setUpClass" is-config="true" duration-ms="1391" started-at="2020-05-23T07:12:23Z" finished-at="2020-05-23T07:12:25Z">
          <reporter-output>
          </reporter-output>
        </test-method> <!-- setUpClass -->
        <test-method status="PASS" signature="feature(cucumber.api.testng.CucumberFeatureWrapper)[pri:0, instance:com.TestRunner.testrunner@7b7aaaf6]" name="feature" duration-ms="45291" started-at="2020-05-23T07:12:25Z" description="Runs Cucumber Feature" data-provider="features" finished-at="2020-05-23T07:13:10Z">
          <params>
            <param index="0">
              <value>
                <![CDATA[OrangeHRM Website]]>
              </value>
            </param>
          </params>
          <reporter-output>
          </reporter-output>
        </test-method> <!-- feature -->
        <test-method status="PASS" signature="tearDownClass()[pri:0, instance:com.TestRunner.testrunner@7b7aaaf6]" name="tearDownClass" is-config="true" duration-ms="1259" started-at="2020-05-23T07:13:11Z" finished-at="2020-05-23T07:13:12Z">
          <reporter-output>
          </reporter-output>
        </test-method> <!-- tearDownClass -->
      </class> <!-- com.TestRunner.testrunner -->
    </test> <!-- Default test -->
  </suite> <!-- Default suite -->
</testng-results>
