<?xml version="1.0" encoding="UTF-8"?>
<testng-results skipped="0" failed="0" ignored="0" total="1" passed="1">
  <reporter-output>
  </reporter-output>
  <suite name="Default suite" duration-ms="38165" started-at="2020-06-06T07:59:56Z" finished-at="2020-06-06T08:00:34Z">
    <groups>
      <group name="cucumber">
        <method signature="AbstractTestNGCucumberTests.feature(cucumber.api.testng.CucumberFeatureWrapper)[pri:0, instance:com.TestRunner.testrunner@6a1ebcff]" name="feature" class="cucumber.api.testng.AbstractTestNGCucumberTests"/>
      </group> <!-- cucumber -->
    </groups>
    <test name="Default test" duration-ms="38165" started-at="2020-06-06T07:59:56Z" finished-at="2020-06-06T08:00:34Z">
      <class name="com.TestRunner.testrunner">
        <test-method status="PASS" signature="setUpClass()[pri:0, instance:com.TestRunner.testrunner@6a1ebcff]" name="setUpClass" is-config="true" duration-ms="625" started-at="2020-06-06T07:59:56Z" finished-at="2020-06-06T07:59:56Z">
          <reporter-output>
          </reporter-output>
        </test-method> <!-- setUpClass -->
        <test-method status="PASS" signature="feature(cucumber.api.testng.CucumberFeatureWrapper)[pri:0, instance:com.TestRunner.testrunner@6a1ebcff]" name="feature" duration-ms="36032" started-at="2020-06-06T07:59:57Z" description="Runs Cucumber Feature" data-provider="features" finished-at="2020-06-06T08:00:33Z">
          <params>
            <param index="0">
              <value>
                <![CDATA[OrangeHRM Website]]>
              </value>
            </param>
          </params>
          <reporter-output>
          </reporter-output>
        </test-method> <!-- feature -->
        <test-method status="PASS" signature="tearDownClass()[pri:0, instance:com.TestRunner.testrunner@6a1ebcff]" name="tearDownClass" is-config="true" duration-ms="1017" started-at="2020-06-06T08:00:33Z" finished-at="2020-06-06T08:00:34Z">
          <reporter-output>
          </reporter-output>
        </test-method> <!-- tearDownClass -->
      </class> <!-- com.TestRunner.testrunner -->
    </test> <!-- Default test -->
  </suite> <!-- Default suite -->
</testng-results>
